TN:
SF:src/main.js
FNF:0
FNH:0
DA:9,0
DA:26,0
LF:2
LH:0
BRF:0
BRH:0
end_of_record
TN:
SF:src/entities/Enemy.js
FN:16,(anonymous_0)
FN:94,(anonymous_1)
FN:115,(anonymous_2)
FN:133,(anonymous_3)
FN:147,(anonymous_4)
FN:160,(anonymous_5)
FN:175,(anonymous_6)
FN:194,(anonymous_7)
FN:212,(anonymous_8)
FN:219,(anonymous_9)
FN:229,(anonymous_10)
FN:246,(anonymous_11)
FN:279,(anonymous_12)
FN:357,(anonymous_13)
FNF:14
FNH:12
FNDA:0,(anonymous_0)
FNDA:2,(anonymous_1)
FNDA:0,(anonymous_2)
FNDA:3,(anonymous_3)
FNDA:2,(anonymous_4)
FNDA:1,(anonymous_5)
FNDA:2,(anonymous_6)
FNDA:3,(anonymous_7)
FNDA:1,(anonymous_8)
FNDA:1,(anonymous_9)
FNDA:2,(anonymous_10)
FNDA:3,(anonymous_11)
FNDA:3,(anonymous_12)
FNDA:1,(anonymous_13)
DA:8,1
DA:17,0
DA:18,0
DA:19,0
DA:20,0
DA:23,0
DA:24,0
DA:25,0
DA:26,0
DA:27,0
DA:28,0
DA:31,0
DA:32,0
DA:35,0
DA:36,0
DA:37,0
DA:38,0
DA:39,0
DA:40,0
DA:43,0
DA:44,0
DA:45,0
DA:48,0
DA:49,0
DA:50,0
DA:51,0
DA:52,0
DA:53,0
DA:54,0
DA:57,0
DA:58,0
DA:61,0
DA:62,0
DA:65,0
DA:68,0
DA:69,0
DA:70,0
DA:71,0
DA:72,0
DA:75,0
DA:76,0
DA:77,0
DA:80,0
DA:81,0
DA:82,0
DA:85,0
DA:88,0
DA:95,2
DA:98,2
DA:99,2
DA:102,2
DA:103,2
DA:104,2
DA:105,2
DA:108,2
DA:109,2
DA:116,0
DA:117,0
DA:119,0
DA:120,0
DA:121,0
DA:122,0
DA:123,0
DA:124,0
DA:125,0
DA:134,3
DA:135,2
DA:139,2
DA:148,2
DA:149,2
DA:153,2
DA:161,1
DA:165,1
DA:166,1
DA:167,1
DA:176,2
DA:177,2
DA:178,1
DA:181,1
DA:182,1
DA:185,1
DA:186,1
DA:195,3
DA:196,3
DA:197,3
DA:198,0
DA:199,0
DA:202,3
DA:203,1
DA:205,3
DA:213,1
DA:220,1
DA:221,1
DA:230,2
DA:231,2
DA:232,2
DA:234,2
DA:235,1
DA:236,1
DA:237,1
DA:238,1
DA:247,3
DA:248,1
DA:249,1
DA:253,2
DA:257,2
DA:258,2
DA:264,2
DA:267,2
DA:268,2
DA:269,1
DA:270,1
DA:271,1
DA:281,3
DA:283,1
DA:284,1
DA:286,1
DA:287,0
DA:288,0
DA:290,0
DA:291,0
DA:296,1
DA:297,1
DA:298,1
DA:303,2
DA:304,2
DA:309,2
DA:311,2
DA:312,2
DA:313,2
DA:316,2
DA:319,2
DA:320,2
DA:321,2
DA:323,0
DA:324,2
DA:325,0
DA:328,2
DA:329,2
DA:330,2
DA:332,1
DA:333,1
DA:334,1
DA:335,1
DA:336,1
DA:342,0
DA:346,0
DA:347,0
DA:348,0
DA:359,1
DA:360,1
DA:364,0
DA:365,0
DA:368,0
DA:369,0
DA:370,0
DA:371,0
DA:372,0
DA:373,0
DA:375,0
DA:376,0
DA:381,0
DA:382,0
DA:384,0
DA:386,0
DA:387,0
DA:388,0
DA:389,0
DA:391,0
DA:392,0
DA:393,0
DA:395,0
DA:397,0
DA:398,0
DA:399,0
DA:400,0
DA:402,0
DA:405,0
DA:406,0
DA:407,0
DA:408,0
DA:410,0
DA:413,0
DA:414,0
DA:418,0
DA:420,0
DA:421,0
DA:422,0
DA:423,0
DA:428,0
DA:429,0
DA:430,0
DA:434,0
DA:438,0
DA:439,0
LF:195
LH:84
BRDA:16,0,0,0
BRDA:23,1,0,0
BRDA:23,1,1,0
BRDA:24,2,0,0
BRDA:24,2,1,0
BRDA:25,3,0,0
BRDA:25,3,1,0
BRDA:65,4,0,0
BRDA:65,4,1,0
BRDA:103,5,0,1
BRDA:103,5,1,1
BRDA:103,6,0,0
BRDA:103,6,1,1
BRDA:116,7,0,0
BRDA:116,7,1,0
BRDA:116,8,0,0
BRDA:116,8,1,0
BRDA:116,8,2,0
BRDA:116,8,3,0
BRDA:134,9,0,1
BRDA:134,9,1,2
BRDA:148,10,0,0
BRDA:148,10,1,2
BRDA:177,11,0,1
BRDA:177,11,1,1
BRDA:194,12,0,0
BRDA:197,13,0,0
BRDA:197,13,1,3
BRDA:202,14,0,1
BRDA:202,14,1,2
BRDA:202,15,0,3
BRDA:202,15,1,3
BRDA:202,15,2,2
BRDA:229,16,0,1
BRDA:234,17,0,1
BRDA:234,17,1,1
BRDA:234,18,0,2
BRDA:234,18,1,1
BRDA:237,19,0,1
BRDA:237,19,1,0
BRDA:247,20,0,1
BRDA:247,20,1,2
BRDA:247,21,0,3
BRDA:247,21,1,2
BRDA:268,22,0,1
BRDA:268,22,1,1
BRDA:281,23,0,1
BRDA:281,23,1,2
BRDA:281,24,0,3
BRDA:281,24,1,2
BRDA:281,24,2,2
BRDA:287,25,0,0
BRDA:287,25,1,0
BRDA:287,26,0,0
BRDA:287,26,1,0
BRDA:288,27,0,0
BRDA:288,27,1,0
BRDA:288,28,0,0
BRDA:288,28,1,0
BRDA:296,29,0,1
BRDA:296,29,1,0
BRDA:309,30,0,2
BRDA:309,30,1,0
BRDA:312,31,0,2
BRDA:312,31,1,0
BRDA:319,32,0,2
BRDA:319,32,1,0
BRDA:321,33,0,0
BRDA:321,33,1,2
BRDA:324,34,0,0
BRDA:324,34,1,2
BRDA:328,35,0,2
BRDA:328,35,1,0
BRDA:328,36,0,2
BRDA:328,36,1,2
BRDA:330,37,0,1
BRDA:330,37,1,1
BRDA:332,38,0,1
BRDA:332,38,1,0
BRDA:359,39,0,1
BRDA:359,39,1,0
BRDA:359,40,0,1
BRDA:359,40,1,1
BRDA:369,41,0,0
BRDA:369,41,1,0
BRDA:371,42,0,0
BRDA:371,42,1,0
BRDA:375,43,0,0
BRDA:375,43,1,0
BRDA:384,44,0,0
BRDA:384,44,1,0
BRDA:388,45,0,0
BRDA:388,45,1,0
BRDA:392,46,0,0
BRDA:392,46,1,0
BRDA:395,47,0,0
BRDA:395,47,1,0
BRDA:399,48,0,0
BRDA:399,48,1,0
BRDA:407,49,0,0
BRDA:407,49,1,0
BRDA:413,50,0,0
BRDA:413,50,1,0
BRDA:418,51,0,0
BRDA:418,51,1,0
BRDA:421,52,0,0
BRDA:421,52,1,0
BRDA:428,53,0,0
BRDA:428,53,1,0
BRDA:438,54,0,0
BRDA:438,54,1,0
BRF:111
BRH:46
end_of_record
TN:
SF:src/entities/FishFactory.js
FN:12,(anonymous_0)
FN:53,(anonymous_1)
FN:91,(anonymous_2)
FN:120,(anonymous_3)
FN:157,(anonymous_4)
FN:260,(anonymous_5)
FN:297,(anonymous_6)
FN:397,(anonymous_7)
FNF:8
FNH:8
FNDA:5,(anonymous_0)
FNDA:3,(anonymous_1)
FNDA:2,(anonymous_2)
FNDA:8,(anonymous_3)
FNDA:6,(anonymous_4)
FNDA:2,(anonymous_5)
FNDA:2,(anonymous_6)
FNDA:2,(anonymous_7)
DA:13,5
DA:16,5
DA:17,5
DA:18,2
DA:20,2
DA:21,2
DA:22,2
DA:25,3
DA:26,3
DA:27,3
DA:30,3
DA:31,3
DA:32,3
DA:33,3
DA:34,3
DA:35,3
DA:38,3
DA:39,3
DA:40,3
DA:42,3
DA:54,3
DA:55,3
DA:58,3
DA:60,3
DA:61,1
DA:63,1
DA:64,1
DA:65,1
DA:68,2
DA:69,2
DA:70,2
DA:73,2
DA:76,2
DA:77,2
DA:78,2
DA:80,2
DA:93,2
DA:94,2
DA:95,2
DA:96,1
DA:99,1
DA:100,1
DA:102,1
DA:103,1
DA:104,1
DA:105,1
DA:107,1
DA:108,1
DA:121,8
DA:124,8
DA:125,8
DA:133,8
DA:136,5
DA:137,5
DA:140,1
DA:141,1
DA:144,1
DA:145,1
DA:148,1
DA:151,8
DA:159,6
DA:160,6
DA:163,6
DA:164,6
DA:167,6
DA:168,6
DA:171,6
DA:172,6
DA:173,6
DA:175,6
DA:176,6
DA:177,6
DA:180,6
DA:181,6
DA:182,6
DA:185,6
DA:186,6
DA:191,6
DA:198,6
DA:199,6
DA:206,6
DA:207,6
DA:212,6
DA:219,6
DA:220,6
DA:225,6
DA:233,6
DA:234,6
DA:236,6
DA:237,6
DA:239,6
DA:240,6
DA:242,6
DA:245,6
DA:246,6
DA:247,6
DA:248,6
DA:251,6
DA:252,6
DA:253,6
DA:254,6
DA:262,2
DA:263,2
DA:264,10
DA:265,10
DA:266,10
DA:267,10
DA:268,10
DA:272,2
DA:273,2
DA:274,10
DA:282,2
DA:283,2
DA:284,2
DA:285,2
DA:286,2
DA:289,2
DA:290,2
DA:291,2
DA:299,2
DA:300,2
DA:303,2
DA:308,2
DA:315,2
DA:317,2
DA:322,2
DA:328,2
DA:333,2
DA:340,2
DA:345,2
DA:352,2
DA:359,2
DA:364,2
DA:371,2
DA:372,2
DA:375,2
DA:376,2
DA:377,6
DA:378,6
DA:379,6
DA:380,6
DA:384,2
DA:385,2
DA:386,10
DA:399,2
DA:400,2
DA:403,2
DA:404,2
DA:411,2
DA:412,2
DA:419,2
DA:420,2
LF:152
LH:152
BRDA:12,0,0,0
BRDA:12,1,0,2
BRDA:17,2,0,2
BRDA:17,2,1,3
BRDA:53,3,0,0
BRDA:53,4,0,0
BRDA:53,5,0,0
BRDA:54,6,0,1
BRDA:54,6,1,2
BRDA:60,7,0,1
BRDA:60,7,1,2
BRDA:63,8,0,0
BRDA:63,8,1,1
BRDA:77,9,0,1
BRDA:77,9,1,1
BRDA:133,10,0,5
BRDA:133,10,1,1
BRDA:133,10,2,1
BRDA:133,10,3,1
BRDA:267,11,0,6
BRDA:267,11,1,4
BRF:21
BRH:16
end_of_record
TN:
SF:src/entities/TreasureBox.js
FN:16,(anonymous_0)
FN:80,(anonymous_1)
FN:123,(anonymous_2)
FN:151,(anonymous_3)
FN:167,(anonymous_4)
FN:180,(anonymous_5)
FNF:6
FNH:5
FNDA:7,(anonymous_0)
FNDA:7,(anonymous_1)
FNDA:7,(anonymous_2)
FNDA:2,(anonymous_3)
FNDA:0,(anonymous_4)
FNDA:1,(anonymous_5)
DA:5,2
DA:17,7
DA:18,7
DA:19,7
DA:20,7
DA:21,7
DA:22,7
DA:25,7
DA:28,7
DA:30,7
DA:31,7
DA:32,7
DA:33,7
DA:36,7
DA:37,7
DA:38,7
DA:39,7
DA:42,7
DA:43,7
DA:46,7
DA:47,7
DA:51,7
DA:54,7
DA:64,7
DA:74,7
DA:81,7
DA:92,7
DA:95,7
DA:96,7
DA:97,7
DA:100,7
DA:101,7
DA:104,7
DA:111,7
DA:112,7
DA:115,7
DA:116,7
DA:117,7
DA:124,7
DA:135,7
DA:142,7
DA:143,7
DA:152,2
DA:153,2
DA:156,2
DA:157,1
DA:161,2
DA:167,0
DA:171,2
DA:181,1
DA:182,0
DA:184,1
DA:185,1
DA:187,1
DA:188,1
DA:190,1
DA:191,1
LF:57
LH:55
BRDA:46,0,0,7
BRDA:46,0,1,0
BRDA:92,1,0,7
BRDA:92,1,1,0
BRDA:152,2,0,0
BRDA:152,2,1,2
BRDA:156,3,0,1
BRDA:156,3,1,1
BRDA:181,4,0,0
BRDA:181,4,1,1
BRDA:184,5,0,1
BRDA:184,5,1,0
BRDA:187,6,0,1
BRDA:187,6,1,0
BRDA:190,7,0,1
BRDA:190,7,1,0
BRF:16
BRH:9
end_of_record
TN:
SF:src/scenes/BootScene.js
FN:3,(anonymous_0)
FN:7,(anonymous_1)
FN:20,(anonymous_2)
FN:53,(anonymous_3)
FNF:4
FNH:0
FNDA:0,(anonymous_0)
FNDA:0,(anonymous_1)
FNDA:0,(anonymous_2)
FNDA:0,(anonymous_3)
DA:4,0
DA:9,0
DA:10,0
DA:11,0
DA:12,0
DA:14,0
DA:20,0
DA:21,0
DA:22,0
DA:23,0
DA:27,0
DA:28,0
DA:29,0
DA:30,0
DA:31,0
DA:32,0
DA:35,0
DA:36,0
DA:37,0
DA:38,0
DA:39,0
DA:40,0
DA:41,0
DA:42,0
DA:43,0
DA:44,0
DA:45,0
DA:46,0
DA:47,0
DA:48,0
DA:49,0
DA:50,0
DA:54,0
LF:33
LH:0
BRF:0
BRH:0
end_of_record
TN:
SF:src/scenes/GameOverScene.js
FN:3,(anonymous_0)
FN:7,(anonymous_1)
FN:52,(anonymous_2)
FN:66,(anonymous_3)
FN:75,(anonymous_4)
FNF:5
FNH:0
FNDA:0,(anonymous_0)
FNDA:0,(anonymous_1)
FNDA:0,(anonymous_2)
FNDA:0,(anonymous_3)
FNDA:0,(anonymous_4)
DA:4,0
DA:8,0
DA:9,0
DA:12,0
DA:14,0
DA:16,0
DA:22,0
DA:28,0
DA:35,0
DA:36,0
DA:44,0
DA:52,0
DA:53,0
DA:54,0
DA:58,0
DA:66,0
DA:67,0
DA:76,0
DA:77,0
DA:80,0
DA:81,0
DA:82,0
DA:83,0
DA:84,0
DA:87,0
DA:90,0
DA:93,0
DA:95,0
DA:96,0
DA:100,0
DA:101,0
DA:102,0
DA:106,0
DA:107,0
DA:108,0
DA:109,0
DA:112,0
DA:116,0
DA:117,0
DA:118,0
DA:119,0
DA:122,0
LF:42
LH:0
BRDA:22,0,0,0
BRDA:22,0,1,0
BRDA:28,1,0,0
BRDA:28,1,1,0
BRDA:35,2,0,0
BRDA:35,2,1,0
BRDA:53,3,0,0
BRDA:53,3,1,0
BRDA:76,4,0,0
BRDA:76,4,1,0
BRDA:77,5,0,0
BRDA:77,5,1,0
BRDA:83,6,0,0
BRDA:83,6,1,0
BRDA:93,7,0,0
BRDA:93,7,1,0
BRDA:93,8,0,0
BRDA:93,8,1,0
BRDA:100,9,0,0
BRDA:100,9,1,0
BRDA:100,10,0,0
BRDA:100,10,1,0
BRDA:108,11,0,0
BRDA:108,11,1,0
BRDA:118,12,0,0
BRDA:118,12,1,0
BRDA:118,13,0,0
BRDA:118,13,1,0
BRF:28
BRH:0
end_of_record
TN:
SF:src/scenes/GameScene.js
FN:14,(anonymous_0)
FN:51,(anonymous_1)
FN:60,(anonymous_2)
FN:77,(anonymous_3)
FN:164,(anonymous_4)
FN:203,(anonymous_5)
FN:238,(anonymous_6)
FN:270,(anonymous_7)
FN:281,(anonymous_8)
FN:317,(anonymous_9)
FN:351,(anonymous_10)
FN:403,(anonymous_11)
FN:445,(anonymous_12)
FN:455,(anonymous_13)
FN:460,(anonymous_14)
FN:483,(anonymous_15)
FN:514,(anonymous_16)
FN:516,(anonymous_17)
FN:530,(anonymous_18)
FN:538,(anonymous_19)
FN:546,(anonymous_20)
FN:557,(anonymous_21)
FN:639,(anonymous_22)
FN:655,(anonymous_23)
FN:664,(anonymous_24)
FN:676,(anonymous_25)
FN:722,(anonymous_26)
FN:752,(anonymous_27)
FN:764,(anonymous_28)
FN:767,(anonymous_29)
FN:815,(anonymous_30)
FN:828,(anonymous_31)
FNF:32
FNH:0
FNDA:0,(anonymous_0)
FNDA:0,(anonymous_1)
FNDA:0,(anonymous_2)
FNDA:0,(anonymous_3)
FNDA:0,(anonymous_4)
FNDA:0,(anonymous_5)
FNDA:0,(anonymous_6)
FNDA:0,(anonymous_7)
FNDA:0,(anonymous_8)
FNDA:0,(anonymous_9)
FNDA:0,(anonymous_10)
FNDA:0,(anonymous_11)
FNDA:0,(anonymous_12)
FNDA:0,(anonymous_13)
FNDA:0,(anonymous_14)
FNDA:0,(anonymous_15)
FNDA:0,(anonymous_16)
FNDA:0,(anonymous_17)
FNDA:0,(anonymous_18)
FNDA:0,(anonymous_19)
FNDA:0,(anonymous_20)
FNDA:0,(anonymous_21)
FNDA:0,(anonymous_22)
FNDA:0,(anonymous_23)
FNDA:0,(anonymous_24)
FNDA:0,(anonymous_25)
FNDA:0,(anonymous_26)
FNDA:0,(anonymous_27)
FNDA:0,(anonymous_28)
FNDA:0,(anonymous_29)
FNDA:0,(anonymous_30)
FNDA:0,(anonymous_31)
DA:15,0
DA:16,0
DA:17,0
DA:18,0
DA:19,0
DA:20,0
DA:21,0
DA:22,0
DA:23,0
DA:24,0
DA:25,0
DA:26,0
DA:27,0
DA:28,0
DA:29,0
DA:30,0
DA:31,0
DA:32,0
DA:33,0
DA:34,0
DA:35,0
DA:36,0
DA:37,0
DA:38,0
DA:39,0
DA:40,0
DA:41,0
DA:42,0
DA:43,0
DA:44,0
DA:45,0
DA:46,0
DA:47,0
DA:48,0
DA:52,0
DA:53,0
DA:54,0
DA:55,0
DA:56,0
DA:57,0
DA:62,0
DA:64,0
DA:66,0
DA:68,0
DA:70,0
DA:72,0
DA:74,0
DA:79,0
DA:82,0
DA:85,0
DA:88,0
DA:91,0
DA:94,0
DA:95,0
DA:96,0
DA:97,0
DA:98,0
DA:99,0
DA:100,0
DA:103,0
DA:106,0
DA:109,0
DA:112,0
DA:115,0
DA:116,0
DA:117,0
DA:120,0
DA:123,0
DA:124,0
DA:127,0
DA:130,0
DA:133,0
DA:136,0
DA:137,0
DA:138,0
DA:141,0
DA:144,0
DA:147,0
DA:155,0
DA:158,0
DA:159,0
DA:160,0
DA:164,0
DA:165,0
DA:166,0
DA:167,0
DA:170,0
DA:171,0
DA:175,0
DA:184,0
DA:193,0
DA:200,0
DA:204,0
DA:207,0
DA:208,0
DA:209,0
DA:210,0
DA:213,0
DA:214,0
DA:215,0
DA:216,0
DA:217,0
DA:218,0
DA:220,0
DA:221,0
DA:224,0
DA:225,0
DA:228,0
DA:229,0
DA:230,0
DA:231,0
DA:232,0
DA:239,0
DA:241,0
DA:243,0
DA:246,0
DA:247,0
DA:250,0
DA:251,0
DA:254,0
DA:255,0
DA:256,0
DA:257,0
DA:260,0
DA:261,0
DA:271,0
DA:272,0
DA:273,0
DA:274,0
DA:275,0
DA:277,0
DA:282,0
DA:283,0
DA:284,0
DA:287,0
DA:290,0
DA:291,0
DA:293,0
DA:303,0
DA:304,0
DA:305,0
DA:306,0
DA:307,0
DA:308,0
DA:312,0
DA:313,0
DA:314,0
DA:318,0
DA:320,0
DA:321,0
DA:322,0
DA:325,0
DA:327,0
DA:329,0
DA:330,0
DA:332,0
DA:335,0
DA:336,0
DA:337,0
DA:340,0
DA:341,0
DA:344,0
DA:345,0
DA:346,0
DA:347,0
DA:348,0
DA:351,0
DA:352,0
DA:353,0
DA:354,0
DA:356,0
DA:357,0
DA:359,0
DA:363,0
DA:366,0
DA:369,0
DA:370,0
DA:374,0
DA:377,0
DA:379,0
DA:380,0
DA:381,0
DA:385,0
DA:386,0
DA:387,0
DA:388,0
DA:391,0
DA:394,0
DA:397,0
DA:398,0
DA:405,0
DA:406,0
DA:407,0
DA:411,0
DA:412,0
DA:413,0
DA:414,0
DA:415,0
DA:416,0
DA:418,0
DA:421,0
DA:422,0
DA:423,0
DA:424,0
DA:425,0
DA:426,0
DA:428,0
DA:432,0
DA:433,0
DA:437,0
DA:438,0
DA:441,0
DA:442,0
DA:445,0
DA:446,0
DA:447,0
DA:452,0
DA:455,0
DA:456,0
DA:460,0
DA:463,0
DA:464,0
DA:468,0
DA:469,0
DA:473,0
DA:474,0
DA:485,0
DA:487,0
DA:489,0
DA:490,0
DA:494,0
DA:495,0
DA:496,0
DA:497,0
DA:500,0
DA:503,0
DA:506,0
DA:507,0
DA:516,0
DA:517,0
DA:518,0
DA:519,0
DA:520,0
DA:522,0
DA:523,0
DA:530,0
DA:531,0
DA:532,0
DA:533,0
DA:538,0
DA:539,0
DA:540,0
DA:541,0
DA:546,0
DA:547,0
DA:548,0
DA:549,0
DA:559,0
DA:560,0
DA:561,0
DA:562,0
DA:563,0
DA:566,0
DA:567,0
DA:568,0
DA:570,0
DA:571,0
DA:576,0
DA:577,0
DA:578,0
DA:579,0
DA:582,0
DA:583,0
DA:584,0
DA:585,0
DA:586,0
DA:587,0
DA:588,0
DA:591,0
DA:592,0
DA:596,0
DA:599,0
DA:602,0
DA:603,0
DA:604,0
DA:606,0
DA:610,0
DA:611,0
DA:615,0
DA:616,0
DA:617,0
DA:621,0
DA:622,0
DA:623,0
DA:624,0
DA:626,0
DA:627,0
DA:629,0
DA:630,0
DA:640,0
DA:647,0
DA:648,0
DA:650,0
DA:655,0
DA:666,0
DA:667,0
DA:668,0
DA:670,0
DA:677,0
DA:678,0
DA:679,0
DA:682,0
DA:683,0
DA:687,0
DA:689,0
DA:690,0
DA:693,0
DA:694,0
DA:695,0
DA:698,0
DA:699,0
DA:701,0
DA:702,0
DA:703,0
DA:709,0
DA:711,0
DA:712,0
DA:723,0
DA:726,0
DA:729,0
DA:730,0
DA:731,0
DA:736,0
DA:737,0
DA:738,0
DA:739,0
DA:740,0
DA:741,0
DA:743,0
DA:744,0
DA:748,0
DA:749,0
DA:752,0
DA:753,0
DA:754,0
DA:766,0
DA:767,0
DA:770,0
DA:771,0
DA:774,0
DA:775,0
DA:778,0
DA:780,0
DA:781,0
DA:782,0
DA:784,0
DA:785,0
DA:786,0
DA:787,0
DA:788,0
DA:791,0
DA:792,0
DA:793,0
DA:795,0
DA:796,0
DA:797,0
DA:798,0
DA:799,0
DA:800,0
DA:801,0
DA:803,0
DA:805,0
DA:806,0
DA:808,0
DA:809,0
DA:811,0
DA:812,0
DA:814,0
DA:815,0
DA:816,0
DA:817,0
DA:819,0
DA:820,0
DA:822,0
DA:823,0
DA:824,0
DA:825,0
DA:827,0
DA:828,0
DA:829,0
DA:830,0
DA:832,0
DA:833,0
DA:837,0
LF:394
LH:0
BRDA:57,0,0,0
BRDA:57,0,1,0
BRDA:99,1,0,0
BRDA:99,1,1,0
BRDA:100,2,0,0
BRDA:100,2,1,0
BRDA:239,3,0,0
BRDA:239,3,1,0
BRDA:239,4,0,0
BRDA:239,4,1,0
BRDA:255,5,0,0
BRDA:255,5,1,0
BRDA:255,6,0,0
BRDA:255,6,1,0
BRDA:272,7,0,0
BRDA:272,7,1,0
BRDA:274,8,0,0
BRDA:274,8,1,0
BRDA:304,9,0,0
BRDA:304,9,1,0
BRDA:304,9,2,0
BRDA:304,9,3,0
BRDA:318,10,0,0
BRDA:318,10,1,0
BRDA:325,11,0,0
BRDA:325,11,1,0
BRDA:335,12,0,0
BRDA:335,12,1,0
BRDA:335,13,0,0
BRDA:335,13,1,0
BRDA:352,14,0,0
BRDA:352,14,1,0
BRDA:356,15,0,0
BRDA:356,15,1,0
BRDA:356,16,0,0
BRDA:356,16,1,0
BRDA:369,17,0,0
BRDA:369,17,1,0
BRDA:377,18,0,0
BRDA:377,18,1,0
BRDA:380,19,0,0
BRDA:380,19,1,0
BRDA:380,20,0,0
BRDA:380,20,1,0
BRDA:388,21,0,0
BRDA:388,21,1,0
BRDA:397,22,0,0
BRDA:397,22,1,0
BRDA:405,23,0,0
BRDA:405,23,1,0
BRDA:406,24,0,0
BRDA:406,24,1,0
BRDA:406,25,0,0
BRDA:406,25,1,0
BRDA:411,26,0,0
BRDA:411,26,1,0
BRDA:414,27,0,0
BRDA:414,27,1,0
BRDA:421,28,0,0
BRDA:421,28,1,0
BRDA:424,29,0,0
BRDA:424,29,1,0
BRDA:432,30,0,0
BRDA:432,30,1,0
BRDA:432,31,0,0
BRDA:432,31,1,0
BRDA:446,32,0,0
BRDA:446,32,1,0
BRDA:446,33,0,0
BRDA:446,33,1,0
BRDA:446,33,2,0
BRDA:446,33,3,0
BRDA:463,34,0,0
BRDA:463,34,1,0
BRDA:468,35,0,0
BRDA:468,35,1,0
BRDA:473,36,0,0
BRDA:473,36,1,0
BRDA:485,37,0,0
BRDA:485,37,1,0
BRDA:485,38,0,0
BRDA:485,38,1,0
BRDA:489,39,0,0
BRDA:489,39,1,0
BRDA:497,40,0,0
BRDA:497,40,1,0
BRDA:506,41,0,0
BRDA:506,41,1,0
BRDA:518,42,0,0
BRDA:518,42,1,0
BRDA:520,43,0,0
BRDA:520,43,1,0
BRDA:522,44,0,0
BRDA:522,44,1,0
BRDA:532,45,0,0
BRDA:532,45,1,0
BRDA:540,46,0,0
BRDA:540,46,1,0
BRDA:548,47,0,0
BRDA:548,47,1,0
BRDA:591,48,0,0
BRDA:591,48,1,0
BRDA:603,49,0,0
BRDA:603,49,1,0
BRDA:610,50,0,0
BRDA:610,50,1,0
BRDA:615,51,0,0
BRDA:615,51,1,0
BRDA:623,52,0,0
BRDA:623,52,1,0
BRDA:626,53,0,0
BRDA:626,53,1,0
BRDA:666,54,0,0
BRDA:666,54,1,0
BRDA:682,55,0,0
BRDA:682,55,1,0
BRDA:723,56,0,0
BRDA:723,56,1,0
BRDA:726,57,0,0
BRDA:726,57,1,0
BRDA:736,58,0,0
BRDA:736,58,1,0
BRDA:739,59,0,0
BRDA:739,59,1,0
BRDA:752,60,0,0
BRDA:752,60,1,0
BRDA:753,61,0,0
BRDA:753,61,1,0
BRDA:753,62,0,0
BRDA:753,62,1,0
BRDA:770,63,0,0
BRDA:770,63,1,0
BRDA:770,64,0,0
BRDA:770,64,1,0
BRDA:770,64,2,0
BRDA:775,65,0,0
BRDA:775,65,1,0
BRDA:778,66,0,0
BRDA:778,66,1,0
BRDA:778,66,2,0
BRDA:778,66,3,0
BRDA:778,66,4,0
BRDA:778,66,5,0
BRDA:778,66,6,0
BRDA:778,66,7,0
BRDA:785,67,0,0
BRDA:785,67,1,0
BRDA:800,68,0,0
BRDA:800,68,1,0
BRDA:808,69,0,0
BRDA:808,69,1,0
BRF:151
BRH:0
end_of_record
TN:
SF:src/scenes/MenuScene.js
FN:3,(anonymous_0)
FN:10,(anonymous_1)
FN:14,(anonymous_2)
FN:57,(anonymous_3)
FN:58,(anonymous_4)
FN:59,(anonymous_5)
FN:79,(anonymous_6)
FN:95,(anonymous_7)
FN:108,(anonymous_8)
FN:116,(anonymous_9)
FN:128,(anonymous_10)
FN:137,(anonymous_11)
FN:164,(anonymous_12)
FN:185,(anonymous_13)
FN:195,(anonymous_14)
FN:211,(anonymous_15)
FN:215,(anonymous_16)
FN:238,(anonymous_17)
FN:258,(anonymous_18)
FN:267,(anonymous_19)
FNF:20
FNH:0
FNDA:0,(anonymous_0)
FNDA:0,(anonymous_1)
FNDA:0,(anonymous_2)
FNDA:0,(anonymous_3)
FNDA:0,(anonymous_4)
FNDA:0,(anonymous_5)
FNDA:0,(anonymous_6)
FNDA:0,(anonymous_7)
FNDA:0,(anonymous_8)
FNDA:0,(anonymous_9)
FNDA:0,(anonymous_10)
FNDA:0,(anonymous_11)
FNDA:0,(anonymous_12)
FNDA:0,(anonymous_13)
FNDA:0,(anonymous_14)
FNDA:0,(anonymous_15)
FNDA:0,(anonymous_16)
FNDA:0,(anonymous_17)
FNDA:0,(anonymous_18)
FNDA:0,(anonymous_19)
DA:4,0
DA:5,0
DA:6,0
DA:7,0
DA:11,0
DA:15,0
DA:16,0
DA:19,0
DA:22,0
DA:25,0
DA:32,0
DA:39,0
DA:46,0
DA:49,0
DA:57,0
DA:58,0
DA:59,0
DA:60,0
DA:61,0
DA:65,0
DA:73,0
DA:80,0
DA:81,0
DA:82,0
DA:83,0
DA:85,0
DA:88,0
DA:96,0
DA:97,0
DA:99,0
DA:109,0
DA:117,0
DA:118,0
DA:119,0
DA:129,0
DA:130,0
DA:131,0
DA:132,0
DA:133,0
DA:135,0
DA:137,0
DA:138,0
DA:139,0
DA:140,0
DA:143,0
DA:144,0
DA:146,0
DA:156,0
DA:157,0
DA:160,0
DA:161,0
DA:164,0
DA:165,0
DA:166,0
DA:167,0
DA:168,0
DA:169,0
DA:170,0
DA:171,0
DA:174,0
DA:175,0
DA:185,0
DA:186,0
DA:187,0
DA:188,0
DA:194,0
DA:195,0
DA:196,0
DA:200,0
DA:204,0
DA:212,0
DA:215,0
DA:216,0
DA:217,0
DA:218,0
DA:220,0
DA:221,0
DA:222,0
DA:230,0
DA:239,0
DA:240,0
DA:243,0
DA:244,0
DA:245,0
DA:247,0
DA:260,0
DA:261,0
DA:262,0
DA:264,0
DA:267,0
DA:268,0
DA:269,0
DA:270,0
DA:271,0
DA:272,0
DA:278,0
DA:279,0
LF:97
LH:0
BRDA:82,0,0,0
BRDA:82,0,1,0
BRDA:117,1,0,0
BRDA:117,1,1,0
BRDA:143,2,0,0
BRDA:143,2,1,0
BRDA:144,3,0,0
BRDA:144,3,1,0
BRDA:150,4,0,0
BRDA:150,4,1,0
BRDA:156,5,0,0
BRDA:156,5,1,0
BRDA:167,6,0,0
BRDA:167,6,1,0
BRDA:168,7,0,0
BRDA:168,7,1,0
BRDA:170,8,0,0
BRDA:170,8,1,0
BRDA:174,9,0,0
BRDA:174,9,1,0
BRDA:174,10,0,0
BRDA:174,10,1,0
BRDA:186,11,0,0
BRDA:186,11,1,0
BRDA:194,12,0,0
BRDA:194,12,1,0
BRDA:220,13,0,0
BRDA:220,13,1,0
BRDA:221,14,0,0
BRDA:221,14,1,0
BRDA:223,15,0,0
BRDA:223,15,1,0
BRDA:239,16,0,0
BRDA:239,16,1,0
BRDA:261,17,0,0
BRDA:261,17,1,0
BRDA:262,18,0,0
BRDA:262,18,1,0
BRDA:264,19,0,0
BRDA:264,19,1,0
BRDA:269,20,0,0
BRDA:269,20,1,0
BRDA:269,21,0,0
BRDA:269,21,1,0
BRDA:270,22,0,0
BRDA:270,22,1,0
BRDA:271,23,0,0
BRDA:271,23,1,0
BRF:48
BRH:0
end_of_record
TN:
SF:src/scenes/UIScene.js
FN:3,(anonymous_0)
FN:12,(anonymous_1)
FN:50,(anonymous_2)
FN:62,(anonymous_3)
FN:72,(anonymous_4)
FN:78,(anonymous_5)
FN:83,(anonymous_6)
FNF:7
FNH:0
FNDA:0,(anonymous_0)
FNDA:0,(anonymous_1)
FNDA:0,(anonymous_2)
FNDA:0,(anonymous_3)
FNDA:0,(anonymous_4)
FNDA:0,(anonymous_5)
FNDA:0,(anonymous_6)
DA:4,0
DA:5,0
DA:6,0
DA:7,0
DA:8,0
DA:9,0
DA:13,0
DA:19,0
DA:25,0
DA:31,0
DA:38,0
DA:45,0
DA:46,0
DA:47,0
DA:51,0
DA:52,0
DA:53,0
DA:54,0
DA:55,0
DA:63,0
DA:65,0
DA:72,0
DA:73,0
DA:74,0
DA:75,0
DA:78,0
DA:79,0
DA:84,0
LF:28
LH:0
BRDA:50,0,0,0
BRDA:52,1,0,0
BRDA:52,1,1,0
BRDA:63,2,0,0
BRDA:63,2,1,0
BRDA:63,3,0,0
BRDA:63,3,1,0
BRDA:72,4,0,0
BRDA:72,4,1,0
BRF:9
BRH:0
end_of_record
TN:
SF:src/systems/BackgroundSystem.js
FN:11,(anonymous_0)
FN:26,(anonymous_1)
FN:34,(anonymous_2)
FN:76,(anonymous_3)
FN:99,(anonymous_4)
FN:114,(anonymous_5)
FN:131,(anonymous_6)
FN:139,(anonymous_7)
FNF:8
FNH:7
FNDA:18,(anonymous_0)
FNDA:4,(anonymous_1)
FNDA:4,(anonymous_2)
FNDA:11,(anonymous_3)
FNDA:0,(anonymous_4)
FNDA:2,(anonymous_5)
FNDA:2,(anonymous_6)
FNDA:3,(anonymous_7)
DA:12,18
DA:13,18
DA:14,18
DA:15,18
DA:16,18
DA:17,18
DA:18,18
DA:19,18
DA:20,18
DA:27,4
DA:28,4
DA:40,4
DA:41,4
DA:42,4
DA:45,4
DA:46,4
DA:47,4
DA:48,4
DA:51,4
DA:52,4
DA:53,4
DA:56,4
DA:57,4
DA:58,4
DA:61,4
DA:62,4
DA:63,4
DA:64,4
DA:67,4
DA:78,11
DA:79,220
DA:80,220
DA:81,220
DA:84,220
DA:85,220
DA:86,220
DA:87,220
DA:90,220
DA:100,0
DA:101,0
DA:102,0
DA:103,0
DA:107,220
DA:116,2
DA:117,1
DA:119,1
DA:120,1
DA:122,1
DA:123,1
DA:132,2
DA:133,2
DA:141,3
DA:142,6
DA:143,6
DA:146,3
DA:149,3
DA:150,20
DA:152,3
LF:58
LH:54
BRDA:11,0,0,14
BRDA:11,1,0,14
BRDA:116,2,0,1
BRDA:116,2,1,1
BRDA:116,3,0,2
BRDA:116,3,1,1
BRDA:119,4,0,1
BRDA:119,4,1,0
BRDA:122,5,0,1
BRDA:122,5,1,0
BRDA:142,6,0,6
BRDA:142,6,1,0
BRDA:150,7,0,20
BRDA:150,7,1,0
BRF:14
BRH:10
end_of_record
TN:
SF:src/systems/BattleSystem.js
FN:5,(anonymous_0)
FN:16,(anonymous_1)
FN:24,(anonymous_2)
FN:35,(anonymous_3)
FN:54,(anonymous_4)
FN:67,(anonymous_5)
FN:77,(anonymous_6)
FNF:7
FNH:7
FNDA:24,(anonymous_0)
FNDA:2,(anonymous_1)
FNDA:2,(anonymous_2)
FNDA:4,(anonymous_3)
FNDA:4,(anonymous_4)
FNDA:4,(anonymous_5)
FNDA:4,(anonymous_6)
DA:6,24
DA:7,24
DA:18,2
DA:19,2
DA:21,2
DA:26,2
DA:36,4
DA:37,4
DA:40,3
DA:41,1
DA:44,2
DA:55,4
DA:56,4
DA:57,4
DA:58,4
DA:68,4
DA:69,4
DA:78,4
LF:18
LH:18
BRDA:18,0,0,2
BRDA:18,0,1,0
BRDA:26,1,0,2
BRDA:26,1,1,0
BRDA:37,2,0,1
BRDA:37,2,1,3
BRDA:40,3,0,1
BRDA:40,3,1,2
BRDA:40,4,0,3
BRDA:40,4,1,2
BRF:10
BRH:8
end_of_record
TN:
SF:src/systems/DebugLogger.js
FN:14,(anonymous_0)
FN:27,(anonymous_1)
FN:38,(anonymous_2)
FN:46,(anonymous_3)
FN:62,(anonymous_4)
FN:72,(anonymous_5)
FN:82,(anonymous_6)
FN:92,(anonymous_7)
FN:102,(anonymous_8)
FNF:9
FNH:9
FNDA:20,(anonymous_0)
FNDA:22,(anonymous_1)
FNDA:25,(anonymous_2)
FNDA:6,(anonymous_3)
FNDA:27,(anonymous_4)
FNDA:16,(anonymous_5)
FNDA:22,(anonymous_6)
FNDA:2,(anonymous_7)
FNDA:2,(anonymous_8)
DA:5,6
DA:12,6
DA:16,20
DA:17,20
DA:20,20
DA:21,20
DA:28,22
DA:29,20
DA:31,22
DA:39,25
DA:47,6
DA:48,1
DA:49,1
DA:50,2
DA:51,1
DA:52,1
DA:63,27
DA:64,27
DA:65,27
DA:73,16
DA:74,1
DA:83,22
DA:84,22
DA:93,2
DA:94,1
DA:103,2
DA:104,2
DA:110,6
LF:28
LH:28
BRDA:21,0,0,0
BRDA:21,0,1,20
BRDA:21,1,0,20
BRDA:21,1,1,20
BRDA:28,2,0,20
BRDA:28,2,1,2
BRDA:47,3,0,1
BRDA:47,3,1,1
BRDA:47,3,2,2
BRDA:47,3,3,1
BRDA:47,3,4,1
BRDA:64,4,0,27
BRDA:64,4,1,0
BRDA:73,5,0,1
BRDA:73,5,1,15
BRDA:83,6,0,22
BRDA:83,6,1,0
BRDA:93,7,0,1
BRDA:93,7,1,1
BRDA:103,8,0,2
BRDA:103,8,1,0
BRF:21
BRH:17
end_of_record
TN:
SF:src/systems/DriftBottleSystem.js
FN:11,(anonymous_0)
FN:26,(anonymous_1)
FN:34,(anonymous_2)
FN:42,(anonymous_3)
FN:54,(anonymous_4)
FN:58,(anonymous_5)
FN:85,(anonymous_6)
FN:118,(anonymous_7)
FN:147,(anonymous_8)
FN:160,(anonymous_9)
FN:173,(anonymous_10)
FN:184,(anonymous_11)
FN:196,(anonymous_12)
FN:212,(anonymous_13)
FN:231,(anonymous_14)
FN:252,(anonymous_15)
FN:260,(anonymous_16)
FN:268,(anonymous_17)
FN:276,(anonymous_18)
FN:283,(anonymous_19)
FN:297,(anonymous_20)
FNF:21
FNH:17
FNDA:27,(anonymous_0)
FNDA:12,(anonymous_1)
FNDA:1,(anonymous_2)
FNDA:3,(anonymous_3)
FNDA:9,(anonymous_4)
FNDA:5,(anonymous_5)
FNDA:1,(anonymous_6)
FNDA:5,(anonymous_7)
FNDA:2,(anonymous_8)
FNDA:0,(anonymous_9)
FNDA:0,(anonymous_10)
FNDA:1,(anonymous_11)
FNDA:0,(anonymous_12)
FNDA:2,(anonymous_13)
FNDA:11,(anonymous_14)
FNDA:0,(anonymous_15)
FNDA:3,(anonymous_16)
FNDA:3,(anonymous_17)
FNDA:2,(anonymous_18)
FNDA:6,(anonymous_19)
FNDA:2,(anonymous_20)
DA:12,27
DA:13,27
DA:14,27
DA:15,27
DA:17,27
DA:18,27
DA:19,27
DA:27,12
DA:35,1
DA:44,3
DA:50,3
DA:51,3
DA:54,9
DA:57,3
DA:58,3
DA:59,5
DA:64,5
DA:65,5
DA:69,3
DA:70,3
DA:71,3
DA:72,3
DA:73,3
DA:78,0
DA:86,1
DA:87,1
DA:89,1
DA:95,1
DA:97,1
DA:98,1
DA:100,0
DA:101,0
DA:103,0
DA:104,0
DA:106,0
DA:107,0
DA:110,1
DA:112,1
DA:119,5
DA:120,5
DA:122,4
DA:124,2
DA:125,2
DA:126,2
DA:128,1
DA:129,1
DA:130,1
DA:132,0
DA:133,0
DA:134,0
DA:136,1
DA:137,1
DA:138,1
DA:141,4
DA:148,2
DA:149,2
DA:151,2
DA:153,1
DA:154,1
DA:158,1
DA:160,1
DA:161,0
DA:162,0
DA:164,1
DA:166,1
DA:167,1
DA:171,1
DA:173,1
DA:174,0
DA:175,0
DA:177,1
DA:185,1
DA:186,1
DA:188,1
DA:190,1
DA:191,1
DA:192,1
DA:194,1
DA:196,1
DA:197,0
DA:198,0
DA:200,1
DA:202,0
DA:205,0
DA:213,2
DA:214,2
DA:216,2
DA:218,1
DA:219,1
DA:220,1
DA:222,1
DA:223,1
DA:224,1
DA:232,11
DA:233,11
DA:235,10
DA:242,10
DA:243,10
DA:245,10
DA:252,0
DA:261,3
DA:269,3
DA:277,2
DA:284,6
DA:285,6
DA:287,5
DA:288,5
DA:289,5
DA:290,5
DA:298,2
DA:299,2
DA:300,2
DA:301,2
LF:113
LH:94
BRDA:72,0,0,3
BRDA:72,0,1,0
BRDA:78,1,0,0
BRDA:78,1,1,0
BRDA:95,2,0,1
BRDA:95,2,1,0
BRDA:95,2,2,0
BRDA:95,2,3,0
BRDA:110,3,0,1
BRDA:110,3,1,1
BRDA:120,4,0,1
BRDA:120,4,1,4
BRDA:122,5,0,2
BRDA:122,5,1,1
BRDA:122,5,2,0
BRDA:122,5,3,1
BRDA:149,6,0,0
BRDA:149,6,1,2
BRDA:151,7,0,1
BRDA:151,7,1,1
BRDA:186,8,0,0
BRDA:186,8,1,1
BRDA:188,9,0,1
BRDA:188,9,1,0
BRDA:214,10,0,0
BRDA:214,10,1,2
BRDA:216,11,0,1
BRDA:216,11,1,1
BRDA:231,12,0,4
BRDA:233,13,0,1
BRDA:233,13,1,10
BRDA:233,14,0,11
BRDA:233,14,1,10
BRDA:277,15,0,1
BRDA:277,15,1,1
BRDA:285,16,0,1
BRDA:285,16,1,5
BRDA:288,17,0,5
BRDA:288,17,1,0
BRDA:288,18,0,5
BRDA:288,18,1,5
BRF:41
BRH:29
end_of_record
TN:
SF:src/systems/GrowthSystem.js
FN:10,(anonymous_0)
FN:32,(anonymous_1)
FN:44,(anonymous_2)
FN:55,(anonymous_3)
FN:117,(anonymous_4)
FN:130,(anonymous_5)
FN:143,(anonymous_6)
FN:161,(anonymous_7)
FN:169,(anonymous_8)
FN:177,(anonymous_9)
FN:195,(anonymous_10)
FN:203,(anonymous_11)
FN:212,(anonymous_12)
FN:220,(anonymous_13)
FN:228,(anonymous_14)
FN:235,(anonymous_15)
FNF:16
FNH:15
FNDA:23,(anonymous_0)
FNDA:21,(anonymous_1)
FNDA:1,(anonymous_2)
FNDA:10,(anonymous_3)
FNDA:13,(anonymous_4)
FNDA:24,(anonymous_5)
FNDA:3,(anonymous_6)
FNDA:3,(anonymous_7)
FNDA:1,(anonymous_8)
FNDA:2,(anonymous_9)
FNDA:1,(anonymous_10)
FNDA:0,(anonymous_11)
FNDA:1,(anonymous_12)
FNDA:3,(anonymous_13)
FNDA:3,(anonymous_14)
FNDA:1,(anonymous_15)
DA:11,23
DA:12,23
DA:13,23
DA:14,23
DA:15,23
DA:17,23
DA:18,23
DA:19,23
DA:20,23
DA:21,23
DA:24,23
DA:33,21
DA:34,21
DA:35,1
DA:37,20
DA:45,1
DA:57,10
DA:59,10
DA:61,2
DA:64,8
DA:67,10
DA:70,10
DA:73,10
DA:74,10
DA:75,0
DA:78,0
DA:79,0
DA:82,10
DA:84,10
DA:87,10
DA:88,10
DA:90,10
DA:92,10
DA:93,3
DA:96,10
DA:97,2
DA:100,10
DA:118,13
DA:120,13
DA:121,5
DA:122,5
DA:124,8
DA:131,24
DA:132,96
DA:133,24
DA:144,3
DA:145,3
DA:146,12
DA:147,3
DA:148,3
DA:149,3
DA:153,3
DA:162,3
DA:170,1
DA:178,2
DA:179,2
DA:181,2
DA:182,0
DA:185,2
DA:186,2
DA:188,2
DA:196,1
DA:197,1
DA:204,0
DA:205,0
DA:213,1
DA:221,3
DA:229,3
DA:236,1
DA:237,1
DA:238,1
DA:239,1
DA:240,1
DA:241,1
LF:74
LH:68
BRDA:34,0,0,1
BRDA:34,0,1,20
BRDA:34,1,0,21
BRDA:34,1,1,21
BRDA:35,2,0,1
BRDA:35,2,1,0
BRDA:55,3,0,0
BRDA:59,4,0,2
BRDA:59,4,1,8
BRDA:59,5,0,10
BRDA:59,5,1,8
BRDA:74,6,0,0
BRDA:74,6,1,10
BRDA:74,7,0,10
BRDA:74,7,1,0
BRDA:74,7,2,0
BRDA:92,8,0,3
BRDA:92,8,1,7
BRDA:96,9,0,2
BRDA:96,9,1,8
BRDA:109,10,0,3
BRDA:109,10,1,7
BRDA:120,11,0,5
BRDA:120,11,1,8
BRDA:132,12,0,24
BRDA:132,12,1,72
BRDA:146,13,0,3
BRDA:146,13,1,9
BRDA:146,14,0,12
BRDA:146,14,1,9
BRDA:147,15,0,3
BRDA:147,15,1,0
BRDA:181,16,0,0
BRDA:181,16,1,2
BRF:34
BRH:27
end_of_record
TN:
SF:src/systems/LuckSystem.js
FN:8,(anonymous_0)
FN:17,(anonymous_1)
FN:26,(anonymous_2)
FN:35,(anonymous_3)
FN:42,(anonymous_4)
FN:53,(anonymous_5)
FN:72,(anonymous_6)
FN:87,(anonymous_7)
FNF:8
FNH:7
FNDA:70,(anonymous_0)
FNDA:12,(anonymous_1)
FNDA:4,(anonymous_2)
FNDA:5,(anonymous_3)
FNDA:3,(anonymous_4)
FNDA:8,(anonymous_5)
FNDA:0,(anonymous_6)
FNDA:7,(anonymous_7)
DA:9,70
DA:10,70
DA:18,12
DA:27,4
DA:28,4
DA:36,5
DA:43,3
DA:54,8
DA:56,5
DA:57,5
DA:60,3
DA:61,3
DA:73,0
DA:74,0
DA:75,0
DA:77,0
DA:89,7
DA:90,7
LF:18
LH:14
BRDA:8,0,0,1
BRDA:54,1,0,5
BRDA:54,1,1,3
BRDA:74,2,0,0
BRDA:74,2,1,0
BRDA:75,3,0,0
BRDA:75,3,1,0
BRDA:77,4,0,0
BRDA:77,4,1,0
BRF:9
BRH:3
end_of_record
TN:
SF:src/systems/SkillSystem.js
FN:8,(anonymous_0)
FN:27,(anonymous_1)
FN:37,(anonymous_2)
FN:47,(anonymous_3)
FN:58,(anonymous_4)
FN:68,(anonymous_5)
FN:127,(anonymous_6)
FN:171,(anonymous_7)
FN:198,(anonymous_8)
FN:216,(anonymous_9)
FN:237,(anonymous_10)
FN:249,(anonymous_11)
FN:269,(anonymous_12)
FN:281,(anonymous_13)
FN:320,(anonymous_14)
FN:330,(anonymous_15)
FN:355,(anonymous_16)
FN:385,(anonymous_17)
FN:394,(anonymous_18)
FN:405,(anonymous_19)
FN:418,(anonymous_20)
FN:426,(anonymous_21)
FNF:22
FNH:22
FNDA:46,(anonymous_0)
FNDA:14,(anonymous_1)
FNDA:8,(anonymous_2)
FNDA:15,(anonymous_3)
FNDA:8,(anonymous_4)
FNDA:9,(anonymous_5)
FNDA:5,(anonymous_6)
FNDA:2,(anonymous_7)
FNDA:3,(anonymous_8)
FNDA:1,(anonymous_9)
FNDA:1,(anonymous_10)
FNDA:3,(anonymous_11)
FNDA:1,(anonymous_12)
FNDA:4,(anonymous_13)
FNDA:2,(anonymous_14)
FNDA:5,(anonymous_15)
FNDA:3,(anonymous_16)
FNDA:3,(anonymous_17)
FNDA:3,(anonymous_18)
FNDA:2,(anonymous_19)
FNDA:2,(anonymous_20)
FNDA:1,(anonymous_21)
DA:9,46
DA:10,46
DA:11,46
DA:12,46
DA:13,46
DA:16,46
DA:17,184
DA:18,184
DA:28,14
DA:29,14
DA:38,8
DA:48,15
DA:49,15
DA:50,14
DA:59,8
DA:70,9
DA:71,9
DA:73,9
DA:74,18
DA:75,9
DA:76,9
DA:77,9
DA:81,9
DA:82,1
DA:86,8
DA:87,8
DA:88,2
DA:92,6
DA:93,1
DA:97,5
DA:99,5
DA:101,2
DA:102,2
DA:104,1
DA:105,1
DA:107,1
DA:108,1
DA:110,1
DA:111,1
DA:114,5
DA:116,5
DA:117,5
DA:118,5
DA:121,5
DA:128,5
DA:129,5
DA:132,5
DA:133,5
DA:134,5
DA:135,5
DA:137,5
DA:138,5
DA:140,5
DA:141,5
DA:143,5
DA:144,5
DA:145,5
DA:148,5
DA:149,4
DA:150,4
DA:151,4
DA:152,4
DA:157,5
DA:159,4
DA:162,4
DA:164,2
DA:165,2
DA:166,2
DA:167,2
DA:168,2
DA:171,2
DA:172,2
DA:173,2
DA:177,2
DA:180,2
DA:181,1
DA:185,2
DA:186,2
DA:189,4
DA:192,1
DA:199,3
DA:200,1
DA:203,2
DA:206,2
DA:207,2
DA:208,2
DA:209,2
DA:210,2
DA:211,2
DA:214,2
DA:217,1
DA:218,1
DA:225,2
DA:233,2
DA:234,2
DA:237,2
DA:238,1
DA:241,2
DA:243,2
DA:250,3
DA:251,1
DA:254,2
DA:255,2
DA:258,2
DA:259,2
DA:262,2
DA:269,2
DA:270,1
DA:273,2
DA:275,2
DA:282,4
DA:283,4
DA:286,4
DA:287,4
DA:288,4
DA:289,4
DA:291,4
DA:292,1
DA:296,3
DA:299,3
DA:300,1
DA:304,3
DA:311,3
DA:312,3
DA:315,3
DA:320,2
DA:323,3
DA:331,5
DA:332,5
DA:334,5
DA:337,5
DA:338,2
DA:339,2
DA:340,2
DA:341,2
DA:342,2
DA:344,3
DA:345,3
DA:348,5
DA:357,3
DA:358,12
DA:359,2
DA:360,2
DA:361,1
DA:362,1
DA:368,3
DA:369,3
DA:370,12
DA:371,12
DA:372,1
DA:373,1
DA:374,1
DA:386,3
DA:395,3
DA:396,3
DA:397,2
DA:398,2
DA:406,2
DA:407,8
DA:408,3
DA:411,2
DA:419,2
DA:427,1
LF:163
LH:163
BRDA:49,0,0,1
BRDA:49,0,1,14
BRDA:50,1,0,14
BRDA:50,1,1,0
BRDA:74,2,0,9
BRDA:74,2,1,9
BRDA:81,3,0,1
BRDA:81,3,1,8
BRDA:81,4,0,9
BRDA:81,4,1,9
BRDA:86,5,0,1
BRDA:86,5,1,7
BRDA:86,6,0,7
BRDA:86,6,1,0
BRDA:87,7,0,2
BRDA:87,7,1,6
BRDA:92,8,0,1
BRDA:92,8,1,5
BRDA:99,9,0,2
BRDA:99,9,1,1
BRDA:99,9,2,1
BRDA:99,9,3,1
BRDA:114,10,0,5
BRDA:114,10,1,0
BRDA:114,11,0,5
BRDA:114,11,1,5
BRDA:132,12,0,5
BRDA:132,12,1,0
BRDA:141,13,0,0
BRDA:141,13,1,5
BRDA:141,14,0,5
BRDA:141,14,1,5
BRDA:148,15,0,4
BRDA:148,15,1,1
BRDA:148,16,0,5
BRDA:148,16,1,0
BRDA:150,17,0,4
BRDA:150,17,1,0
BRDA:157,18,0,4
BRDA:157,18,1,1
BRDA:162,19,0,2
BRDA:162,19,1,2
BRDA:172,20,0,2
BRDA:172,20,1,0
BRDA:180,21,0,1
BRDA:180,21,1,1
BRDA:199,22,0,1
BRDA:199,22,1,2
BRDA:217,23,0,1
BRDA:217,23,1,0
BRDA:217,24,0,1
BRDA:217,24,1,1
BRDA:250,25,0,1
BRDA:250,25,1,2
BRDA:258,26,0,2
BRDA:258,26,1,0
BRDA:291,27,0,1
BRDA:291,27,1,3
BRDA:299,28,0,1
BRDA:299,28,1,2
BRDA:332,29,0,0
BRDA:332,29,1,5
BRDA:337,30,0,2
BRDA:337,30,1,3
BRDA:338,31,0,2
BRDA:338,31,1,0
BRDA:339,32,0,2
BRDA:339,32,1,0
BRDA:340,33,0,2
BRDA:340,33,1,0
BRDA:344,34,0,3
BRDA:344,34,1,0
BRDA:345,35,0,3
BRDA:345,35,1,0
BRDA:358,36,0,2
BRDA:358,36,1,10
BRDA:360,37,0,1
BRDA:360,37,1,1
BRDA:368,38,0,3
BRDA:368,38,1,2
BRDA:371,39,0,1
BRDA:371,39,1,11
BRDA:371,40,0,12
BRDA:371,40,1,1
BRDA:373,41,0,1
BRDA:373,41,1,0
BRDA:386,42,0,3
BRDA:386,42,1,2
BRDA:396,43,0,1
BRDA:396,43,1,2
BRDA:407,44,0,3
BRDA:407,44,1,5
BRF:92
BRH:75
end_of_record
TN:
SF:src/ui/SkillBar.js
FN:8,(anonymous_0)
FN:21,(anonymous_1)
FN:28,(anonymous_2)
FN:44,(anonymous_3)
FN:61,(anonymous_4)
FN:124,(anonymous_5)
FN:137,(anonymous_6)
FN:211,(anonymous_7)
FN:223,(anonymous_8)
FN:236,(anonymous_9)
FN:247,(anonymous_10)
FNF:11
FNH:0
FNDA:0,(anonymous_0)
FNDA:0,(anonymous_1)
FNDA:0,(anonymous_2)
FNDA:0,(anonymous_3)
FNDA:0,(anonymous_4)
FNDA:0,(anonymous_5)
FNDA:0,(anonymous_6)
FNDA:0,(anonymous_7)
FNDA:0,(anonymous_8)
FNDA:0,(anonymous_9)
FNDA:0,(anonymous_10)
DA:9,0
DA:10,0
DA:11,0
DA:12,0
DA:13,0
DA:14,0
DA:22,0
DA:30,0
DA:31,0
DA:34,0
DA:35,0
DA:36,0
DA:37,0
DA:40,0
DA:41,0
DA:42,0
DA:44,0
DA:45,0
DA:46,0
DA:47,0
DA:48,0
DA:49,0
DA:62,0
DA:65,0
DA:66,0
DA:67,0
DA:68,0
DA:69,0
DA:70,0
DA:73,0
DA:74,0
DA:79,0
DA:80,0
DA:83,0
DA:88,0
DA:89,0
DA:92,0
DA:93,0
DA:94,0
DA:95,0
DA:96,0
DA:99,0
DA:104,0
DA:105,0
DA:107,0
DA:125,0
DA:131,0
DA:138,0
DA:139,0
DA:140,0
DA:141,0
DA:142,0
DA:143,0
DA:146,0
DA:148,0
DA:149,0
DA:150,0
DA:151,0
DA:152,0
DA:155,0
DA:156,0
DA:159,0
DA:160,0
DA:161,0
DA:165,0
DA:166,0
DA:169,0
DA:170,0
DA:173,0
DA:174,0
DA:177,0
DA:178,0
DA:179,0
DA:180,0
DA:183,0
DA:185,0
DA:186,0
DA:190,0
DA:191,0
DA:192,0
DA:193,0
DA:194,0
DA:195,0
DA:196,0
DA:197,0
DA:198,0
DA:199,0
DA:200,0
DA:201,0
DA:212,0
DA:213,0
DA:215,0
DA:217,0
DA:218,0
DA:219,0
DA:220,0
DA:221,0
DA:223,0
DA:224,0
DA:225,0
DA:230,0
DA:231,0
DA:232,0
DA:233,0
DA:234,0
DA:236,0
DA:237,0
DA:238,0
DA:248,0
DA:249,0
LF:110
LH:0
BRDA:131,0,0,0
BRDA:131,0,1,0
BRDA:146,1,0,0
BRDA:146,1,1,0
BRDA:169,2,0,0
BRDA:169,2,1,0
BRDA:190,3,0,0
BRDA:190,3,1,0
BRDA:196,4,0,0
BRDA:196,4,1,0
BRDA:213,5,0,0
BRDA:213,5,1,0
BRDA:215,6,0,0
BRDA:215,6,1,0
BRDA:224,7,0,0
BRDA:224,7,1,0
BRDA:237,8,0,0
BRDA:237,8,1,0
BRDA:248,9,0,0
BRDA:248,9,1,0
BRF:20
BRH:0
end_of_record
